c:\users\administrator\source\repos\pacman_game\pacman_game\debug\pacman_game.pch
c:\users\administrator\source\repos\pacman_game\pacman_game\debug\vc141.pdb
c:\users\administrator\source\repos\pacman_game\pacman_game\debug\vc141.idb
c:\users\administrator\source\repos\pacman_game\pacman_game\debug\stdafx.obj
c:\users\administrator\source\repos\pacman_game\pacman_game\debug\gmap.obj
c:\users\administrator\source\repos\pacman_game\pacman_game\debug\gobject.obj
c:\users\administrator\source\repos\pacman_game\pacman_game\debug\pacman_game.obj
c:\users\administrator\source\repos\pacman_game\debug\pacman_game.exe
c:\users\administrator\source\repos\pacman_game\debug\pacman_game.ilk
c:\users\administrator\source\repos\pacman_game\debug\pacman_game.pdb
c:\users\administrator\source\repos\pacman_game\pacman_game\debug\pacman_game.res
c:\users\administrator\source\repos\pacman_game\pacman_game\debug\pacman_game.tlog\cl.command.1.tlog
c:\users\administrator\source\repos\pacman_game\pacman_game\debug\pacman_game.tlog\cl.read.1.tlog
c:\users\administrator\source\repos\pacman_game\pacman_game\debug\pacman_game.tlog\cl.write.1.tlog
c:\users\administrator\source\repos\pacman_game\pacman_game\debug\pacman_game.tlog\link.command.1.tlog
c:\users\administrator\source\repos\pacman_game\pacman_game\debug\pacman_game.tlog\link.read.1.tlog
c:\users\administrator\source\repos\pacman_game\pacman_game\debug\pacman_game.tlog\link.write.1.tlog
c:\users\administrator\source\repos\pacman_game\pacman_game\debug\pacman_game.tlog\rc.command.1.tlog
c:\users\administrator\source\repos\pacman_game\pacman_game\debug\pacman_game.tlog\rc.read.1.tlog
c:\users\administrator\source\repos\pacman_game\pacman_game\debug\pacman_game.tlog\rc.write.1.tlog
